This file contains any messages produced by compilers while
running configure, to aid debugging if configure makes a mistake.

It was created by hashtable configure 0.1, which was
generated by GNU Autoconf 2.61.  Invocation command line was

  $ ./configure u

## --------- ##
## Platform. ##
## --------- ##

hostname = jackalope
uname -m = x86_64
uname -r = 2.6.26-2-amd64
uname -s = Linux
uname -v = #1 SMP Thu Aug 19 00:37:36 UTC 2010

/usr/bin/uname -p = unknown
/bin/uname -X     = unknown

/bin/arch              = unknown
/usr/bin/arch -k       = unknown
/usr/convex/getsysinfo = unknown
/usr/bin/hostinfo      = unknown
/bin/machine           = unknown
/usr/bin/oslevel       = unknown
/bin/universe          = unknown

PATH: /opt/msp430-gcc-4.4.4/bin
PATH: /home/sdawson/bin
PATH: /usr/local/bin
PATH: /usr/bin
PATH: /bin
PATH: /usr/games


## ----------- ##
## Core tests. ##
## ----------- ##

configure:1790: checking for a BSD-compatible install
configure:1846: result: /usr/bin/install -c
configure:1857: checking whether build environment is sane
configure:1900: result: yes
configure:1928: checking for a thread-safe mkdir -p
configure:1967: result: /bin/mkdir -p
configure:1980: checking for gawk
configure:1996: found /usr/bin/gawk
configure:2007: result: gawk
configure:2018: checking whether make sets $(MAKE)
configure:2039: result: yes
configure:2235: checking for u-gcc
configure:2265: result: no
configure:2275: checking for gcc
configure:2291: found /usr/bin/gcc
configure:2302: result: gcc
configure:2540: checking for C compiler version
configure:2547: gcc --version >&5
gcc (Debian 4.3.2-1.1) 4.3.2
Copyright (C) 2008 Free Software Foundation, Inc.
This is free software; see the source for copying conditions.  There is NO
warranty; not even for MERCHANTABILITY or FITNESS FOR A PARTICULAR PURPOSE.

configure:2550: $? = 0
configure:2557: gcc -v >&5
Using built-in specs.
Target: x86_64-linux-gnu
Configured with: ../src/configure -v --with-pkgversion='Debian 4.3.2-1.1' --with-bugurl=file:///usr/share/doc/gcc-4.3/README.Bugs --enable-languages=c,c++,fortran,objc,obj-c++ --prefix=/usr --enable-shared --with-system-zlib --libexecdir=/usr/lib --without-included-gettext --enable-threads=posix --enable-nls --with-gxx-include-dir=/usr/include/c++/4.3 --program-suffix=-4.3 --enable-clocale=gnu --enable-libstdcxx-debug --enable-objc-gc --enable-mpfr --enable-cld --enable-checking=release --build=x86_64-linux-gnu --host=x86_64-linux-gnu --target=x86_64-linux-gnu
Thread model: posix
gcc version 4.3.2 (Debian 4.3.2-1.1) 
configure:2560: $? = 0
configure:2567: gcc -V >&5
gcc: '-V' option must have argument
configure:2570: $? = 1
configure:2593: checking for C compiler default output file name
configure:2620: gcc    conftest.c  >&5
configure:2623: $? = 0
configure:2661: result: a.out
configure:2678: checking whether the C compiler works
configure:2688: ./a.out
configure:2691: $? = 0
configure:2708: result: yes
configure:2715: checking whether we are cross compiling
configure:2717: result: no
configure:2720: checking for suffix of executables
configure:2727: gcc -o conftest    conftest.c  >&5
configure:2730: $? = 0
configure:2754: result: 
configure:2760: checking for suffix of object files
configure:2786: gcc -c   conftest.c >&5
configure:2789: $? = 0
configure:2812: result: o
configure:2816: checking whether we are using the GNU C compiler
configure:2845: gcc -c   conftest.c >&5
configure:2851: $? = 0
configure:2868: result: yes
configure:2873: checking whether gcc accepts -g
configure:2903: gcc -c -g  conftest.c >&5
configure:2909: $? = 0
configure:3008: result: yes
configure:3025: checking for gcc option to accept ISO C89
configure:3099: gcc  -c -g -O2  conftest.c >&5
configure:3105: $? = 0
configure:3128: result: none needed
configure:3157: checking for style of include used by make
configure:3185: result: GNU
configure:3210: checking dependency style of gcc
configure:3301: result: gcc3
configure:3317: checking whether gcc and cc understand -c and -o together
configure:3352: gcc -c conftest.c -o conftest2.o >&5
configure:3355: $? = 0
configure:3361: gcc -c conftest.c -o conftest2.o >&5
configure:3364: $? = 0
configure:3375: cc -c conftest.c >&5
configure:3378: $? = 0
configure:3386: cc -c conftest.c -o conftest2.o >&5
configure:3389: $? = 0
configure:3395: cc -c conftest.c -o conftest2.o >&5
configure:3398: $? = 0
configure:3416: result: yes
configure:3445: checking for u-ranlib
configure:3475: result: no
configure:3485: checking for ranlib
configure:3501: found /usr/bin/ranlib
configure:3512: result: ranlib
configure:3545: checking for u-pkg-config
configure:3578: result: no
configure:3588: checking for pkg-config
configure:3606: found /usr/bin/pkg-config
configure:3618: result: /usr/bin/pkg-config
configure:3647: checking pkg-config is at least version 0.9.0
configure:3650: result: yes
configure:3661: checking for CHECK
configure:3669: $PKG_CONFIG --exists --print-errors "check >= 0.9.4"
configure:3672: $? = 0
configure:3687: $PKG_CONFIG --exists --print-errors "check >= 0.9.4"
configure:3690: $? = 0
configure:3766: result: yes
configure:3779: checking how to run the C preprocessor
configure:3819: gcc -E  conftest.c
configure:3825: $? = 0
configure:3856: gcc -E  conftest.c
conftest.c:10:28: error: ac_nonexistent.h: No such file or directory
configure:3862: $? = 1
configure: failed program was:
| /* confdefs.h.  */
| #define PACKAGE_NAME "hashtable"
| #define PACKAGE_TARNAME "hashtable"
| #define PACKAGE_VERSION "0.1"
| #define PACKAGE_STRING "hashtable 0.1"
| #define PACKAGE_BUGREPORT "stevedh@eecs.berkeley.edu"
| #define PACKAGE "hashtable"
| #define VERSION "0.1"
| /* end confdefs.h.  */
| #include <ac_nonexistent.h>
configure:3895: result: gcc -E
configure:3924: gcc -E  conftest.c
configure:3930: $? = 0
configure:3961: gcc -E  conftest.c
conftest.c:10:28: error: ac_nonexistent.h: No such file or directory
configure:3967: $? = 1
configure: failed program was:
| /* confdefs.h.  */
| #define PACKAGE_NAME "hashtable"
| #define PACKAGE_TARNAME "hashtable"
| #define PACKAGE_VERSION "0.1"
| #define PACKAGE_STRING "hashtable 0.1"
| #define PACKAGE_BUGREPORT "stevedh@eecs.berkeley.edu"
| #define PACKAGE "hashtable"
| #define VERSION "0.1"
| /* end confdefs.h.  */
| #include <ac_nonexistent.h>
configure:4005: checking for grep that handles long lines and -e
configure:4079: result: /bin/grep
configure:4084: checking for egrep
configure:4162: result: /bin/grep -E
configure:4167: checking for ANSI C header files
configure:4197: gcc -c -g -O2  conftest.c >&5
configure:4203: $? = 0
configure:4302: gcc -o conftest -g -O2   conftest.c  >&5
configure:4305: $? = 0
configure:4311: ./conftest
configure:4314: $? = 0
configure:4331: result: yes
configure:4355: checking for sys/types.h
configure:4376: gcc -c -g -O2  conftest.c >&5
configure:4382: $? = 0
configure:4398: result: yes
configure:4355: checking for sys/stat.h
configure:4376: gcc -c -g -O2  conftest.c >&5
configure:4382: $? = 0
configure:4398: result: yes
configure:4355: checking for stdlib.h
configure:4376: gcc -c -g -O2  conftest.c >&5
configure:4382: $? = 0
configure:4398: result: yes
configure:4355: checking for string.h
configure:4376: gcc -c -g -O2  conftest.c >&5
configure:4382: $? = 0
configure:4398: result: yes
configure:4355: checking for memory.h
configure:4376: gcc -c -g -O2  conftest.c >&5
configure:4382: $? = 0
configure:4398: result: yes
configure:4355: checking for strings.h
configure:4376: gcc -c -g -O2  conftest.c >&5
configure:4382: $? = 0
configure:4398: result: yes
configure:4355: checking for inttypes.h
configure:4376: gcc -c -g -O2  conftest.c >&5
configure:4382: $? = 0
configure:4398: result: yes
configure:4355: checking for stdint.h
configure:4376: gcc -c -g -O2  conftest.c >&5
configure:4382: $? = 0
configure:4398: result: yes
configure:4355: checking for unistd.h
configure:4376: gcc -c -g -O2  conftest.c >&5
configure:4382: $? = 0
configure:4398: result: yes
configure:4416: checking for stdlib.h
configure:4422: result: yes
configure:4416: checking for string.h
configure:4422: result: yes
configure:4558: checking for an ANSI C-conforming const
configure:4633: gcc -c -g -O2  conftest.c >&5
configure:4639: $? = 0
configure:4654: result: yes
configure:4664: checking for inline
configure:4690: gcc -c -g -O2  conftest.c >&5
configure:4696: $? = 0
configure:4714: result: inline
configure:4740: checking for stdlib.h
configure:4746: result: yes
configure:4880: checking for GNU libc compatible malloc
configure:4914: gcc -o conftest -g -O2   conftest.c  >&5
configure:4917: $? = 0
configure:4923: ./conftest
configure:4926: $? = 0
configure:4942: result: yes
configure:4975: checking for stdlib.h
configure:4981: result: yes
configure:5115: checking for GNU libc compatible realloc
configure:5149: gcc -o conftest -g -O2   conftest.c  >&5
configure:5152: $? = 0
configure:5158: ./conftest
configure:5161: $? = 0
configure:5177: result: yes
configure:5209: checking for memset
configure:5265: gcc -o conftest -g -O2   conftest.c  >&5
conftest.c:49: warning: conflicting types for built-in function 'memset'
configure:5271: $? = 0
configure:5289: result: yes
configure:5416: creating ./config.status

## ---------------------- ##
## Running config.status. ##
## ---------------------- ##

This file was extended by hashtable config.status 0.1, which was
generated by GNU Autoconf 2.61.  Invocation command line was

  CONFIG_FILES    = 
  CONFIG_HEADERS  = 
  CONFIG_LINKS    = 
  CONFIG_COMMANDS = 
  $ ./config.status 

on jackalope

config.status:641: creating Makefile
config.status:641: creating src/Makefile
config.status:641: creating tests/Makefile
config.status:641: creating config.h
config.status:921: executing depfiles commands

## ---------------- ##
## Cache variables. ##
## ---------------- ##

ac_cv_c_compiler_gnu=yes
ac_cv_c_const=yes
ac_cv_c_inline=inline
ac_cv_env_CC_set=
ac_cv_env_CC_value=
ac_cv_env_CFLAGS_set=
ac_cv_env_CFLAGS_value=
ac_cv_env_CHECK_CFLAGS_set=
ac_cv_env_CHECK_CFLAGS_value=
ac_cv_env_CHECK_LIBS_set=
ac_cv_env_CHECK_LIBS_value=
ac_cv_env_CPPFLAGS_set=
ac_cv_env_CPPFLAGS_value=
ac_cv_env_CPP_set=
ac_cv_env_CPP_value=
ac_cv_env_LDFLAGS_set=
ac_cv_env_LDFLAGS_value=
ac_cv_env_LIBS_set=
ac_cv_env_LIBS_value=
ac_cv_env_PKG_CONFIG_set=
ac_cv_env_PKG_CONFIG_value=
ac_cv_env_build_alias_set=set
ac_cv_env_build_alias_value=u
ac_cv_env_host_alias_set=set
ac_cv_env_host_alias_value=u
ac_cv_env_target_alias_set=set
ac_cv_env_target_alias_value=u
ac_cv_func_malloc_0_nonnull=yes
ac_cv_func_memset=yes
ac_cv_func_realloc_0_nonnull=yes
ac_cv_header_inttypes_h=yes
ac_cv_header_memory_h=yes
ac_cv_header_stdc=yes
ac_cv_header_stdint_h=yes
ac_cv_header_stdlib_h=yes
ac_cv_header_string_h=yes
ac_cv_header_strings_h=yes
ac_cv_header_sys_stat_h=yes
ac_cv_header_sys_types_h=yes
ac_cv_header_unistd_h=yes
ac_cv_objext=o
ac_cv_path_EGREP='/bin/grep -E'
ac_cv_path_GREP=/bin/grep
ac_cv_path_ac_pt_PKG_CONFIG=/usr/bin/pkg-config
ac_cv_path_install='/usr/bin/install -c'
ac_cv_path_mkdir=/bin/mkdir
ac_cv_prog_AWK=gawk
ac_cv_prog_CPP='gcc -E'
ac_cv_prog_ac_ct_CC=gcc
ac_cv_prog_ac_ct_RANLIB=ranlib
ac_cv_prog_cc_c89=
ac_cv_prog_cc_g=yes
ac_cv_prog_cc_gcc_c_o=yes
ac_cv_prog_make_make_set=yes
am_cv_CC_dependencies_compiler_type=gcc3
pkg_cv_CHECK_CFLAGS='-I/usr/local/include  '
pkg_cv_CHECK_LIBS='-L/usr/local/lib -lcheck  '

## ----------------- ##
## Output variables. ##
## ----------------- ##

ACLOCAL='${SHELL} /mnt/md1/django/powerdb/smap/readingdb2/hashtable/missing --run aclocal-1.10'
AMDEPBACKSLASH='\'
AMDEP_FALSE='#'
AMDEP_TRUE=''
AMTAR='${SHELL} /mnt/md1/django/powerdb/smap/readingdb2/hashtable/missing --run tar'
AUTOCONF='${SHELL} /mnt/md1/django/powerdb/smap/readingdb2/hashtable/missing --run autoconf'
AUTOHEADER='${SHELL} /mnt/md1/django/powerdb/smap/readingdb2/hashtable/missing --run autoheader'
AUTOMAKE='${SHELL} /mnt/md1/django/powerdb/smap/readingdb2/hashtable/missing --run automake-1.10'
AWK='gawk'
CC='gcc'
CCDEPMODE='depmode=gcc3'
CFLAGS='-g -O2'
CHECK_CFLAGS='-I/usr/local/include  '
CHECK_LIBS='-L/usr/local/lib -lcheck  '
CPP='gcc -E'
CPPFLAGS=''
CYGPATH_W='echo'
DEFS='-DHAVE_CONFIG_H'
DEPDIR='.deps'
ECHO_C=''
ECHO_N='-n'
ECHO_T=''
EGREP='/bin/grep -E'
EXEEXT=''
GREP='/bin/grep'
INSTALL_DATA='${INSTALL} -m 644'
INSTALL_PROGRAM='${INSTALL}'
INSTALL_SCRIPT='${INSTALL}'
INSTALL_STRIP_PROGRAM='$(install_sh) -c -s'
LDFLAGS=''
LIBOBJS=''
LIBS=''
LTLIBOBJS=''
MAKEINFO='${SHELL} /mnt/md1/django/powerdb/smap/readingdb2/hashtable/missing --run makeinfo'
OBJEXT='o'
PACKAGE='hashtable'
PACKAGE_BUGREPORT='stevedh@eecs.berkeley.edu'
PACKAGE_NAME='hashtable'
PACKAGE_STRING='hashtable 0.1'
PACKAGE_TARNAME='hashtable'
PACKAGE_VERSION='0.1'
PATH_SEPARATOR=':'
PKG_CONFIG='/usr/bin/pkg-config'
RANLIB='ranlib'
SET_MAKE=''
SHELL='/bin/sh'
STRIP=''
VERSION='0.1'
ac_ct_CC='gcc'
am__fastdepCC_FALSE='#'
am__fastdepCC_TRUE=''
am__include='include'
am__isrc=''
am__leading_dot='.'
am__quote=''
am__tar='${AMTAR} chof - "$$tardir"'
am__untar='${AMTAR} xf -'
bindir='${exec_prefix}/bin'
build_alias='u'
datadir='${datarootdir}'
datarootdir='${prefix}/share'
docdir='${datarootdir}/doc/${PACKAGE_TARNAME}'
dvidir='${docdir}'
exec_prefix='${prefix}'
host_alias='u'
htmldir='${docdir}'
includedir='${prefix}/include'
infodir='${datarootdir}/info'
install_sh='$(SHELL) /mnt/md1/django/powerdb/smap/readingdb2/hashtable/install-sh'
libdir='${exec_prefix}/lib'
libexecdir='${exec_prefix}/libexec'
localedir='${datarootdir}/locale'
localstatedir='${prefix}/var'
mandir='${datarootdir}/man'
mkdir_p='/bin/mkdir -p'
oldincludedir='/usr/include'
pdfdir='${docdir}'
prefix='/usr/local'
program_transform_name='s,x,x,'
psdir='${docdir}'
sbindir='${exec_prefix}/sbin'
sharedstatedir='${prefix}/com'
sysconfdir='${prefix}/etc'
target_alias='u'

## ----------- ##
## confdefs.h. ##
## ----------- ##

#define PACKAGE_NAME "hashtable"
#define PACKAGE_TARNAME "hashtable"
#define PACKAGE_VERSION "0.1"
#define PACKAGE_STRING "hashtable 0.1"
#define PACKAGE_BUGREPORT "stevedh@eecs.berkeley.edu"
#define PACKAGE "hashtable"
#define VERSION "0.1"
#define STDC_HEADERS 1
#define HAVE_SYS_TYPES_H 1
#define HAVE_SYS_STAT_H 1
#define HAVE_STDLIB_H 1
#define HAVE_STRING_H 1
#define HAVE_MEMORY_H 1
#define HAVE_STRINGS_H 1
#define HAVE_INTTYPES_H 1
#define HAVE_STDINT_H 1
#define HAVE_UNISTD_H 1
#define HAVE_STDLIB_H 1
#define HAVE_STRING_H 1
#define HAVE_STDLIB_H 1
#define HAVE_MALLOC 1
#define HAVE_STDLIB_H 1
#define HAVE_REALLOC 1
#define HAVE_MEMSET 1

configure: exit 0
